#-----------------------------------------------------------
# xsim v2019.1 (64-bit)
# SW Build 2552052 on Fri May 24 14:49:42 MDT 2019
# IP Build 2548770 on Fri May 24 18:01:18 MDT 2019
# Start of session at: Tue Nov 19 10:53:11 2019
# Process ID: 28920
# Current directory: D:/vik/RTL_design/dsn_verif/examples/shift_register_mem
# Command line: xsim.exe -mode tcl -source {xsim.dir/work.tb/xsim_script.tcl}
# Log file: D:/vik/RTL_design/dsn_verif/examples/shift_register_mem/xsim.log
# Journal file: D:/vik/RTL_design/dsn_verif/examples/shift_register_mem\xsim.jou
#-----------------------------------------------------------
source xsim.dir/work.tb/xsim_script.tcl
# xsim {work.tb} -autoloadwcfg -runall -sv_seed 18401
Vivado Simulator 2019.1
Time resolution is 1 ps
run -all
P - output data xx expected data xx
F - output data xx expected data 13
F - output data xx expected data d4
F - output data xx expected data c1
F - output data xx expected data d6
F - output data xx expected data 6d
F - output data xx expected data d3
F - output data xx expected data 3c
F - output data xx expected data 16
F - output data xx expected data c6
F - output data xx expected data f2
F - output data xx expected data 86
F - output data xx expected data 6e
F - output data xx expected data 36
F - output data xx expected data c5
F - output data xx expected data d9
F - output data xx expected data c7
F - output data xx expected data 48
F - output data xx expected data 44
F - output data xx expected data a3
F - output data xx expected data 98
F - output data xx expected data 15
F - output data xx expected data dd
F - output data xx expected data 0e
F - output data xx expected data 37
F - output data xx expected data 2a
F - output data xx expected data 07
F - output data xx expected data 4b
F - output data xx expected data a2
F - output data xx expected data e7
F - output data xx expected data fe
F - output data xx expected data 72
F - output data xx expected data 4b
F - output data xx expected data ef
F - output data xx expected data 3b
F - output data xx expected data fc
F - output data xx expected data db
F - output data xx expected data 80
F - output data xx expected data 82
F - output data xx expected data 19
F - output data xx expected data 42
F - output data xx expected data 48
F - output data xx expected data 7d
F - output data xx expected data 67
F - output data xx expected data 80
F - output data xx expected data 8b
F - output data xx expected data 8d
F - output data xx expected data 37
F - output data xx expected data b8
F - output data xx expected data 63
F - output data xx expected data 5b
F - output data xx expected data 0b
F - output data xx expected data 10
F - output data xx expected data 50
F - output data xx expected data fa
F - output data xx expected data ab
F - output data xx expected data d9
F - output data xx expected data 72
F - output data xx expected data 90
F - output data xx expected data db
F - output data xx expected data 88
F - output data xx expected data e2
F - output data xx expected data 91
F - output data xx expected data d5
F - output data xx expected data ec
F - output data xx expected data e6
F - output data xx expected data 98
F - output data xx expected data 32
F - output data xx expected data 8c
F - output data xx expected data 81
F - output data xx expected data c5
F - output data xx expected data 58
F - output data xx expected data 28
F - output data xx expected data 0d
F - output data xx expected data 14
F - output data xx expected data 63
F - output data xx expected data 56
F - output data xx expected data 2d
F - output data xx expected data 14
F - output data xx expected data f3
F - output data xx expected data ac
F - output data xx expected data 96
F - output data xx expected data e2
F - output data xx expected data ae
F - output data xx expected data d9
F - output data xx expected data 4b
F - output data xx expected data d4
F - output data xx expected data a3
F - output data xx expected data f6
F - output data xx expected data 12
F - output data xx expected data 30
F - output data xx expected data 79
F - output data xx expected data e9
Test Fail
Test Fail
Test Fail
Test Fail
$finish called at time : 960 ns : File "D:/vik/RTL_design/dsn_verif/examples/shift_register_mem/tb.sv" Line 62
exit
INFO: [Common 17-206] Exiting xsim at Tue Nov 19 10:53:25 2019...
